	Command being timed: "/go/src/app/main --many"
	User time (seconds): 1524.97
	System time (seconds): 5.08
	Percent of CPU this job got: 101%
	Elapsed (wall clock) time (h:mm:ss or m:ss): 25:14.24
	Average shared text size (kbytes): 0
	Average unshared data size (kbytes): 0
	Average stack size (kbytes): 0
	Average total size (kbytes): 0
	Maximum resident set size (kbytes): 762140
	Average resident set size (kbytes): 0
	Major (requiring I/O) page faults: 0
	Minor (reclaiming a frame) page faults: 9177
	Voluntary context switches: 150261
	Involuntary context switches: 4157
	Swaps: 0
	File system inputs: 0
	File system outputs: 312
	Socket messages sent: 0
	Socket messages received: 0
	Signals delivered: 0
	Page size (bytes): 4096
	Exit status: 0
