	Command being timed: "/go/src/app/main --multi"
	User time (seconds): 9830.17
	System time (seconds): 35.76
	Percent of CPU this job got: 105%
	Elapsed (wall clock) time (h:mm:ss or m:ss): 2:36:00
	Average shared text size (kbytes): 0
	Average unshared data size (kbytes): 0
	Average stack size (kbytes): 0
	Average total size (kbytes): 0
	Maximum resident set size (kbytes): 3096476
	Average resident set size (kbytes): 0
	Major (requiring I/O) page faults: 0
	Minor (reclaiming a frame) page faults: 12124
	Voluntary context switches: 928188
	Involuntary context switches: 47963
	Swaps: 0
	File system inputs: 0
	File system outputs: 688
	Socket messages sent: 0
	Socket messages received: 0
	Signals delivered: 0
	Page size (bytes): 4096
	Exit status: 0
