	Command being timed: "/go/src/app/main --multi"
	User time (seconds): 1656.47
	System time (seconds): 5.87
	Percent of CPU this job got: 101%
	Elapsed (wall clock) time (h:mm:ss or m:ss): 27:20.61
	Average shared text size (kbytes): 0
	Average unshared data size (kbytes): 0
	Average stack size (kbytes): 0
	Average total size (kbytes): 0
	Maximum resident set size (kbytes): 661784
	Average resident set size (kbytes): 0
	Major (requiring I/O) page faults: 0
	Minor (reclaiming a frame) page faults: 4320
	Voluntary context switches: 162499
	Involuntary context switches: 3685
	Swaps: 0
	File system inputs: 0
	File system outputs: 328
	Socket messages sent: 0
	Socket messages received: 0
	Signals delivered: 0
	Page size (bytes): 4096
	Exit status: 0
