	Command being timed: "/go/src/app/main --multi"
	User time (seconds): 33384.37
	System time (seconds): 106.51
	Percent of CPU this job got: 106%
	Elapsed (wall clock) time (h:mm:ss or m:ss): 8:42:51
	Average shared text size (kbytes): 0
	Average unshared data size (kbytes): 0
	Average stack size (kbytes): 0
	Average total size (kbytes): 0
	Maximum resident set size (kbytes): 4224112
	Average resident set size (kbytes): 0
	Major (requiring I/O) page faults: 0
	Minor (reclaiming a frame) page faults: 14469
	Voluntary context switches: 3111702
	Involuntary context switches: 141302
	Swaps: 0
	File system inputs: 0
	File system outputs: 912
	Socket messages sent: 0
	Socket messages received: 0
	Signals delivered: 0
	Page size (bytes): 4096
	Exit status: 0
