	Command being timed: "java -cp /java/src/app/.:Bunch-3.5.jar BunchAPITest /java/src/data/graphs/experiment_2/cas.mdg /java/src/exp/experiment_2/"
	User time (seconds): 1043.93
	System time (seconds): 12.85
	Percent of CPU this job got: 103%
	Elapsed (wall clock) time (h:mm:ss or m:ss): 16:56.83
	Average shared text size (kbytes): 0
	Average unshared data size (kbytes): 0
	Average stack size (kbytes): 0
	Average total size (kbytes): 0
	Maximum resident set size (kbytes): 1130352
	Average resident set size (kbytes): 0
	Major (requiring I/O) page faults: 0
	Minor (reclaiming a frame) page faults: 12285
	Voluntary context switches: 176231
	Involuntary context switches: 120478
	Swaps: 0
	File system inputs: 0
	File system outputs: 1168
	Socket messages sent: 0
	Socket messages received: 0
	Signals delivered: 0
	Page size (bytes): 4096
	Exit status: 0
