	Command being timed: "java -cp /java/src/app/.:Bunch-3.5.jar BunchAPITest /java/src/data/graphs/experiment_2/hibernate-orm.mdg /java/src/exp/experiment_2/"
	User time (seconds): 3265.42
	System time (seconds): 15.93
	Percent of CPU this job got: 106%
	Elapsed (wall clock) time (h:mm:ss or m:ss): 51:17.56
	Average shared text size (kbytes): 0
	Average unshared data size (kbytes): 0
	Average stack size (kbytes): 0
	Average total size (kbytes): 0
	Maximum resident set size (kbytes): 1141664
	Average resident set size (kbytes): 0
	Major (requiring I/O) page faults: 0
	Minor (reclaiming a frame) page faults: 22230
	Voluntary context switches: 443874
	Involuntary context switches: 15164
	Swaps: 0
	File system inputs: 0
	File system outputs: 3312
	Socket messages sent: 0
	Socket messages received: 0
	Signals delivered: 0
	Page size (bytes): 4096
	Exit status: 0
