	Command being timed: "java -cp /java/src/app/.:Bunch-3.5.jar BunchAPITest /java/src/data/graphs/experiment_2/jooq.mdg /java/src/exp/experiment_2/"
	User time (seconds): 4189.64
	System time (seconds): 17.19
	Percent of CPU this job got: 104%
	Elapsed (wall clock) time (h:mm:ss or m:ss): 1:06:56
	Average shared text size (kbytes): 0
	Average unshared data size (kbytes): 0
	Average stack size (kbytes): 0
	Average total size (kbytes): 0
	Maximum resident set size (kbytes): 1143948
	Average resident set size (kbytes): 0
	Major (requiring I/O) page faults: 0
	Minor (reclaiming a frame) page faults: 26309
	Voluntary context switches: 532541
	Involuntary context switches: 17721
	Swaps: 0
	File system inputs: 0
	File system outputs: 5056
	Socket messages sent: 0
	Socket messages received: 0
	Signals delivered: 0
	Page size (bytes): 4096
	Exit status: 0
