	Command being timed: "java -cp /java/src/app/.:Bunch-3.5.jar BunchAPITest /java/src/data/graphs/experiment_2/cas.mdg /java/src/exp/experiment_2/"
	User time (seconds): 1513.54
	System time (seconds): 7.07
	Percent of CPU this job got: 103%
	Elapsed (wall clock) time (h:mm:ss or m:ss): 24:30.12
	Average shared text size (kbytes): 0
	Average unshared data size (kbytes): 0
	Average stack size (kbytes): 0
	Average total size (kbytes): 0
	Maximum resident set size (kbytes): 1131192
	Average resident set size (kbytes): 0
	Major (requiring I/O) page faults: 0
	Minor (reclaiming a frame) page faults: 16445
	Voluntary context switches: 273094
	Involuntary context switches: 167151
	Swaps: 0
	File system inputs: 0
	File system outputs: 1968
	Socket messages sent: 0
	Socket messages received: 0
	Signals delivered: 0
	Page size (bytes): 4096
	Exit status: 0
