	Command being timed: "java -cp /java/src/app/.:Bunch-3.5.jar BunchAPITest /java/src/data/graphs/experiment_2/jmonkeyengine.mdg /java/src/exp/experiment_2/"
	User time (seconds): 1460.70
	System time (seconds): 8.27
	Percent of CPU this job got: 102%
	Elapsed (wall clock) time (h:mm:ss or m:ss): 23:59.10
	Average shared text size (kbytes): 0
	Average unshared data size (kbytes): 0
	Average stack size (kbytes): 0
	Average total size (kbytes): 0
	Maximum resident set size (kbytes): 1157988
	Average resident set size (kbytes): 0
	Major (requiring I/O) page faults: 0
	Minor (reclaiming a frame) page faults: 29632
	Voluntary context switches: 352365
	Involuntary context switches: 4128
	Swaps: 0
	File system inputs: 0
	File system outputs: 1592
	Socket messages sent: 0
	Socket messages received: 0
	Signals delivered: 0
	Page size (bytes): 4096
	Exit status: 0
