	Command being timed: "/go/src/app/main --many"
	User time (seconds): 1401.73
	System time (seconds): 4.73
	Percent of CPU this job got: 101%
	Elapsed (wall clock) time (h:mm:ss or m:ss): 23:09.81
	Average shared text size (kbytes): 0
	Average unshared data size (kbytes): 0
	Average stack size (kbytes): 0
	Average total size (kbytes): 0
	Maximum resident set size (kbytes): 786792
	Average resident set size (kbytes): 0
	Major (requiring I/O) page faults: 0
	Minor (reclaiming a frame) page faults: 8340
	Voluntary context switches: 138115
	Involuntary context switches: 3990
	Swaps: 0
	File system inputs: 0
	File system outputs: 344
	Socket messages sent: 0
	Socket messages received: 0
	Signals delivered: 0
	Page size (bytes): 4096
	Exit status: 0
